[2017-05-24 16:11:01.208] [INFO] pomelo - [32m[E:\DATA\soway\WWW\pomelo\HelloWorld\game-server\node_modules\pomelo\lib\application.js] [39mapplication inited: "connector-server-1"
[2017-05-24 16:11:01.718] [INFO] pomelo - [32m[E:\DATA\soway\WWW\pomelo\HelloWorld\game-server\node_modules\pomelo\lib\application.js] [39m"connector-server-1" enter after start...
[2017-05-24 16:11:01.728] [INFO] pomelo - [32m[E:\DATA\soway\WWW\pomelo\HelloWorld\game-server\node_modules\pomelo\lib\application.js] [39m"connector-server-1" finish start
[2017-05-24 16:11:01.728] [INFO] pomelo - [32m[E:\DATA\soway\WWW\pomelo\HelloWorld\game-server\node_modules\pomelo\lib\application.js] [39m"connector-server-1" startup in 430 ms
[2017-05-26 15:31:47.994] [INFO] pomelo - [32m[E:\DATA\soway\WWW\pomelo\HelloWorld\game-server\node_modules\pomelo\lib\application.js] [39mapplication inited: "connector-server-1"
[2017-05-26 15:31:50.680] [INFO] pomelo - [32m[E:\DATA\soway\WWW\pomelo\HelloWorld\game-server\node_modules\pomelo\lib\application.js] [39m"connector-server-1" enter after start...
[2017-05-26 15:31:50.692] [INFO] pomelo - [32m[E:\DATA\soway\WWW\pomelo\HelloWorld\game-server\node_modules\pomelo\lib\application.js] [39m"connector-server-1" finish start
[2017-05-26 15:31:50.692] [INFO] pomelo - [32m[E:\DATA\soway\WWW\pomelo\HelloWorld\game-server\node_modules\pomelo\lib\application.js] [39m"connector-server-1" startup in 1969 ms
[2017-05-26 15:32:11.974] [DEBUG] pomelo - [36m[E:\DATA\soway\WWW\pomelo\HelloWorld\game-server\node_modules\pomelo\lib\components\connector.js] [39m[connector-server-1] getSession session is created with session id: 1
[2017-05-26 15:32:12.438] [DEBUG] pomelo - [36m[E:\DATA\soway\WWW\pomelo\HelloWorld\game-server\node_modules\pomelo\lib\components\connector.js] [39m[connector-server-1] handleMessage session id: 1, msg: {"id":1,"type":0,"compressRoute":0,"route":"connector.entryHandler.entry","body":"hello pomelo","compressGzip":0}
[2017-05-26 15:32:12.442] [DEBUG] pomelo - [36m[E:\DATA\soway\WWW\pomelo\HelloWorld\game-server\node_modules\pomelo\lib\components\connector.js] [39m[connector-server-1] send message reqId: 1, route: connector.entryHandler.entry, msg: {"code":200,"msg":"game server is ok."}, receivers: [1], opts: {"type":"response","userOptions":{},"isResponse":true}
[2017-05-26 16:10:20.902] [DEBUG] pomelo - [36m[E:\DATA\soway\WWW\pomelo\HelloWorld\game-server\node_modules\pomelo\lib\common\service\sessionService.js] [39msession on [connector-server-1] is closed with session id: 1
[2017-05-27 10:51:58.159] [INFO] pomelo - [32m[E:\DATA\soway\WWW\pomelo\HelloWorld\game-server\node_modules\pomelo\lib\application.js] [39mapplication inited: "connector-server-1"
[2017-05-27 10:51:59.917] [INFO] pomelo - [32m[E:\DATA\soway\WWW\pomelo\HelloWorld\game-server\node_modules\pomelo\lib\application.js] [39m"connector-server-1" enter after start...
[2017-05-27 10:51:59.924] [INFO] pomelo - [32m[E:\DATA\soway\WWW\pomelo\HelloWorld\game-server\node_modules\pomelo\lib\application.js] [39m"connector-server-1" finish start
[2017-05-27 10:51:59.924] [INFO] pomelo - [32m[E:\DATA\soway\WWW\pomelo\HelloWorld\game-server\node_modules\pomelo\lib\application.js] [39m"connector-server-1" startup in 1351 ms
[2017-05-27 14:37:57.978] [INFO] pomelo - [32m[E:\DATA\soway\WWW\pomelo\HelloWorld\game-server\node_modules\pomelo\lib\application.js] [39mapplication inited: "connector-server-1"
[2017-05-27 14:37:59.481] [INFO] pomelo - [32m[E:\DATA\soway\WWW\pomelo\HelloWorld\game-server\node_modules\pomelo\lib\application.js] [39m"connector-server-1" enter after start...
[2017-05-27 14:37:59.492] [INFO] pomelo - [32m[E:\DATA\soway\WWW\pomelo\HelloWorld\game-server\node_modules\pomelo\lib\application.js] [39m"connector-server-1" finish start
[2017-05-27 14:37:59.492] [INFO] pomelo - [32m[E:\DATA\soway\WWW\pomelo\HelloWorld\game-server\node_modules\pomelo\lib\application.js] [39m"connector-server-1" startup in 1020 ms
[2017-05-27 14:38:21.632] [DEBUG] pomelo - [36m[E:\DATA\soway\WWW\pomelo\HelloWorld\game-server\node_modules\pomelo\lib\components\connector.js] [39m[connector-server-1] getSession session is created with session id: 1
[2017-05-27 14:38:21.782] [DEBUG] pomelo - [36m[E:\DATA\soway\WWW\pomelo\HelloWorld\game-server\node_modules\pomelo\lib\components\connector.js] [39m[connector-server-1] handleMessage session id: 1, msg: {"id":1,"type":0,"compressRoute":0,"route":"connector.entryHandler.entry","body":"hello pomelo","compressGzip":0}
[2017-05-27 14:38:21.786] [DEBUG] pomelo - [36m[E:\DATA\soway\WWW\pomelo\HelloWorld\game-server\node_modules\pomelo\lib\components\connector.js] [39m[connector-server-1] send message reqId: 1, route: connector.entryHandler.entry, msg: {"code":200,"msg":"game server is ok."}, receivers: [1], opts: {"type":"response","userOptions":{},"isResponse":true}
[2017-05-27 14:38:27.997] [DEBUG] pomelo - [36m[E:\DATA\soway\WWW\pomelo\HelloWorld\game-server\node_modules\pomelo\lib\common\service\sessionService.js] [39msession on [connector-server-1] is closed with session id: 1
[2017-05-27 14:38:39.125] [DEBUG] pomelo - [36m[E:\DATA\soway\WWW\pomelo\HelloWorld\game-server\node_modules\pomelo\lib\components\connector.js] [39m[connector-server-1] getSession session is created with session id: 2
[2017-05-27 14:38:39.136] [DEBUG] pomelo - [36m[E:\DATA\soway\WWW\pomelo\HelloWorld\game-server\node_modules\pomelo\lib\components\connector.js] [39m[connector-server-1] handleMessage session id: 2, msg: {"id":1,"type":0,"compressRoute":0,"route":"connector.entryHandler.entry","body":"hello pomelo","compressGzip":0}
[2017-05-27 14:38:39.136] [DEBUG] pomelo - [36m[E:\DATA\soway\WWW\pomelo\HelloWorld\game-server\node_modules\pomelo\lib\components\connector.js] [39m[connector-server-1] send message reqId: 1, route: connector.entryHandler.entry, msg: {"code":200,"msg":"game server is ok."}, receivers: [2], opts: {"type":"response","userOptions":{},"isResponse":true}
[2017-06-08 15:06:56.542] [INFO] pomelo - [32m[E:\DATA\soway\WWW\pomelo\doudizhuPomelo\game-server\node_modules\pomelo\lib\application.js] [39mapplication inited: "connector-server-1"
[2017-06-08 15:06:57.002] [INFO] pomelo - [32m[E:\DATA\soway\WWW\pomelo\doudizhuPomelo\game-server\node_modules\pomelo\lib\application.js] [39m"connector-server-1" enter after start...
[2017-06-08 15:06:57.012] [INFO] pomelo - [32m[E:\DATA\soway\WWW\pomelo\doudizhuPomelo\game-server\node_modules\pomelo\lib\application.js] [39m"connector-server-1" finish start
[2017-06-08 15:06:57.012] [INFO] pomelo - [32m[E:\DATA\soway\WWW\pomelo\doudizhuPomelo\game-server\node_modules\pomelo\lib\application.js] [39m"connector-server-1" startup in 395 ms
[2017-06-10 11:40:44.401] [INFO] pomelo - [32m[E:\DATA\soway\WWW\git\doudizhu\doudizhuPomelo\game-server\node_modules\pomelo\lib\application.js] [39mapplication inited: "connector-server-1"
[2017-06-10 11:40:45.329] [INFO] pomelo - [32m[E:\DATA\soway\WWW\git\doudizhu\doudizhuPomelo\game-server\node_modules\pomelo\lib\application.js] [39m"connector-server-1" enter after start...
[2017-06-10 11:40:45.340] [INFO] pomelo - [32m[E:\DATA\soway\WWW\git\doudizhu\doudizhuPomelo\game-server\node_modules\pomelo\lib\application.js] [39m"connector-server-1" finish start
[2017-06-10 11:40:45.341] [INFO] pomelo - [32m[E:\DATA\soway\WWW\git\doudizhu\doudizhuPomelo\game-server\node_modules\pomelo\lib\application.js] [39m"connector-server-1" startup in 706 ms
[2017-06-10 18:13:25.907] [INFO] pomelo - [32m[E:\DATA\soway\WWW\git\doudizhu\doudizhuPomelo\game-server\node_modules\pomelo\lib\application.js] [39mapplication inited: "connector-server-1"
[2017-06-10 18:13:26.885] [INFO] pomelo - [32m[E:\DATA\soway\WWW\git\doudizhu\doudizhuPomelo\game-server\node_modules\pomelo\lib\application.js] [39m"connector-server-1" enter after start...
[2017-06-10 18:13:26.898] [INFO] pomelo - [32m[E:\DATA\soway\WWW\git\doudizhu\doudizhuPomelo\game-server\node_modules\pomelo\lib\application.js] [39m"connector-server-1" finish start
[2017-06-10 18:13:26.898] [INFO] pomelo - [32m[E:\DATA\soway\WWW\git\doudizhu\doudizhuPomelo\game-server\node_modules\pomelo\lib\application.js] [39m"connector-server-1" startup in 797 ms
[2017-06-10 18:17:31.982] [DEBUG] pomelo - [36m[E:\DATA\soway\WWW\git\doudizhu\doudizhuPomelo\game-server\node_modules\pomelo\lib\components\connector.js] [39m[connector-server-1] getSession session is created with session id: 1
[2017-06-10 18:17:32.077] [DEBUG] pomelo - [36m[E:\DATA\soway\WWW\git\doudizhu\doudizhuPomelo\game-server\node_modules\pomelo\lib\components\connector.js] [39m[connector-server-1] handleMessage session id: 1, msg: {"id":0,"type":1,"compressRoute":0,"route":"connector.roomHandler.enterRoom","body":{"0":"r","1":"o","2":"o","3":"m","4":"i","5":"d","6":"=","7":"3","8":"5"},"compressGzip":0}
[2017-06-10 18:17:32.084] [DEBUG] pomelo - [36m[E:\DATA\soway\WWW\git\doudizhu\doudizhuPomelo\game-server\node_modules\pomelo\lib\components\connector.js] [39msession on [connector-server-1] bind with uid: undefined
[2017-06-10 18:17:32.085] [WARN] pomelo - [33m[E:\DATA\soway\WWW\git\doudizhu\doudizhuPomelo\game-server\node_modules\pomelo\lib\components\connector.js] [39mtry to response to a notify: "connector.roomHandler.enterRoom"
[2017-06-10 18:17:32.087] [DEBUG] pomelo - [36m[E:\DATA\soway\WWW\git\doudizhu\doudizhuPomelo\game-server\node_modules\pomelo\lib\common\service\channelService.js] [39m[connector-server-1] channelService sendMessageByGroup route: enterRoom, msg: "undefined进入房间了", groups: {"connector-server-1":[null]}, opts: {}
[2017-06-10 18:17:32.088] [DEBUG] pomelo - [36m[E:\DATA\soway\WWW\git\doudizhu\doudizhuPomelo\game-server\node_modules\pomelo\lib\common\remote\frontend\channelRemote.js] [39m[connector-server-1] pushMessage uids: [null], msg: "undefined进入房间了", sids: [1]
[2017-06-10 18:17:32.089] [DEBUG] pomelo - [36m[E:\DATA\soway\WWW\git\doudizhu\doudizhuPomelo\game-server\node_modules\pomelo\lib\components\connector.js] [39m[connector-server-1] send message reqId: null, route: enterRoom, msg: "undefined进入房间了", receivers: [1], opts: {"type":"push","userOptions":{},"isPush":true}
[2017-06-10 18:17:38.076] [INFO] pomelo - [32m[E:\DATA\soway\WWW\git\doudizhu\doudizhuPomelo\game-server\node_modules\pomelo\lib\connectors\commands\heartbeat.js] [39mclient 1 heartbeat timeout.
[2017-06-10 18:17:38.077] [DEBUG] pomelo - [36m[E:\DATA\soway\WWW\git\doudizhu\doudizhuPomelo\game-server\node_modules\pomelo\lib\common\service\sessionService.js] [39msession on [connector-server-1] is closed with session id: 1
[2017-06-10 18:27:10.855] [DEBUG] pomelo - [36m[E:\DATA\soway\WWW\git\doudizhu\doudizhuPomelo\game-server\node_modules\pomelo\lib\components\connector.js] [39m[connector-server-1] getSession session is created with session id: 2
[2017-06-10 18:27:10.902] [DEBUG] pomelo - [36m[E:\DATA\soway\WWW\git\doudizhu\doudizhuPomelo\game-server\node_modules\pomelo\lib\components\connector.js] [39m[connector-server-1] handleMessage session id: 2, msg: {"id":0,"type":1,"compressRoute":0,"route":"connector.roomHandler.enterRoom","body":{"0":"r","1":"o","2":"o","3":"m","4":"i","5":"d","6":"=","7":"3","8":"5"},"compressGzip":0}
[2017-06-10 18:27:10.903] [DEBUG] pomelo - [36m[E:\DATA\soway\WWW\git\doudizhu\doudizhuPomelo\game-server\node_modules\pomelo\lib\components\connector.js] [39msession on [connector-server-1] bind with uid: undefined
[2017-06-10 18:27:10.904] [WARN] pomelo - [33m[E:\DATA\soway\WWW\git\doudizhu\doudizhuPomelo\game-server\node_modules\pomelo\lib\components\connector.js] [39mtry to response to a notify: "connector.roomHandler.enterRoom"
[2017-06-10 18:27:10.905] [DEBUG] pomelo - [36m[E:\DATA\soway\WWW\git\doudizhu\doudizhuPomelo\game-server\node_modules\pomelo\lib\common\service\channelService.js] [39m[connector-server-1] channelService sendMessageByGroup route: enterRoom, msg: "undefined进入房间了", groups: {"connector-server-1":[null,null]}, opts: {}
[2017-06-10 18:27:10.905] [DEBUG] pomelo - [36m[E:\DATA\soway\WWW\git\doudizhu\doudizhuPomelo\game-server\node_modules\pomelo\lib\common\remote\frontend\channelRemote.js] [39m[connector-server-1] pushMessage uids: [null,null], msg: "undefined进入房间了", sids: [2,2]
[2017-06-10 18:27:10.906] [DEBUG] pomelo - [36m[E:\DATA\soway\WWW\git\doudizhu\doudizhuPomelo\game-server\node_modules\pomelo\lib\components\connector.js] [39m[connector-server-1] send message reqId: null, route: enterRoom, msg: "undefined进入房间了", receivers: [2,2], opts: {"type":"push","userOptions":{},"isPush":true}
[2017-06-10 18:27:16.902] [INFO] pomelo - [32m[E:\DATA\soway\WWW\git\doudizhu\doudizhuPomelo\game-server\node_modules\pomelo\lib\connectors\commands\heartbeat.js] [39mclient 2 heartbeat timeout.
[2017-06-10 18:27:16.903] [DEBUG] pomelo - [36m[E:\DATA\soway\WWW\git\doudizhu\doudizhuPomelo\game-server\node_modules\pomelo\lib\common\service\sessionService.js] [39msession on [connector-server-1] is closed with session id: 2
[2017-06-10 18:27:37.387] [DEBUG] pomelo - [36m[E:\DATA\soway\WWW\git\doudizhu\doudizhuPomelo\game-server\node_modules\pomelo\lib\components\connector.js] [39m[connector-server-1] getSession session is created with session id: 3
[2017-06-10 18:27:37.407] [DEBUG] pomelo - [36m[E:\DATA\soway\WWW\git\doudizhu\doudizhuPomelo\game-server\node_modules\pomelo\lib\components\connector.js] [39m[connector-server-1] handleMessage session id: 3, msg: {"id":0,"type":1,"compressRoute":0,"route":"connector.roomHandler.enterRoom","body":{"0":"r","1":"o","2":"o","3":"m","4":"i","5":"d","6":"=","7":"3","8":"6"},"compressGzip":0}
[2017-06-10 18:27:37.407] [DEBUG] pomelo - [36m[E:\DATA\soway\WWW\git\doudizhu\doudizhuPomelo\game-server\node_modules\pomelo\lib\components\connector.js] [39msession on [connector-server-1] bind with uid: undefined
[2017-06-10 18:27:37.408] [WARN] pomelo - [33m[E:\DATA\soway\WWW\git\doudizhu\doudizhuPomelo\game-server\node_modules\pomelo\lib\components\connector.js] [39mtry to response to a notify: "connector.roomHandler.enterRoom"
[2017-06-10 18:27:37.408] [DEBUG] pomelo - [36m[E:\DATA\soway\WWW\git\doudizhu\doudizhuPomelo\game-server\node_modules\pomelo\lib\common\service\channelService.js] [39m[connector-server-1] channelService sendMessageByGroup route: enterRoom, msg: "undefined进入房间了", groups: {"connector-server-1":[null,null,null]}, opts: {}
[2017-06-10 18:27:37.408] [DEBUG] pomelo - [36m[E:\DATA\soway\WWW\git\doudizhu\doudizhuPomelo\game-server\node_modules\pomelo\lib\common\remote\frontend\channelRemote.js] [39m[connector-server-1] pushMessage uids: [null,null,null], msg: "undefined进入房间了", sids: [3,3,3]
[2017-06-10 18:27:37.408] [DEBUG] pomelo - [36m[E:\DATA\soway\WWW\git\doudizhu\doudizhuPomelo\game-server\node_modules\pomelo\lib\components\connector.js] [39m[connector-server-1] send message reqId: null, route: enterRoom, msg: "undefined进入房间了", receivers: [3,3,3], opts: {"type":"push","userOptions":{},"isPush":true}
[2017-06-10 18:27:43.407] [INFO] pomelo - [32m[E:\DATA\soway\WWW\git\doudizhu\doudizhuPomelo\game-server\node_modules\pomelo\lib\connectors\commands\heartbeat.js] [39mclient 3 heartbeat timeout.
[2017-06-10 18:27:43.408] [DEBUG] pomelo - [36m[E:\DATA\soway\WWW\git\doudizhu\doudizhuPomelo\game-server\node_modules\pomelo\lib\common\service\sessionService.js] [39msession on [connector-server-1] is closed with session id: 3
[2017-06-10 18:29:23.137] [DEBUG] pomelo - [36m[E:\DATA\soway\WWW\git\doudizhu\doudizhuPomelo\game-server\node_modules\pomelo\lib\components\connector.js] [39m[connector-server-1] getSession session is created with session id: 4
[2017-06-10 18:29:23.153] [DEBUG] pomelo - [36m[E:\DATA\soway\WWW\git\doudizhu\doudizhuPomelo\game-server\node_modules\pomelo\lib\components\connector.js] [39m[connector-server-1] handleMessage session id: 4, msg: {"id":0,"type":1,"compressRoute":0,"route":"connector.roomHandler.enterRoom","body":{"0":"r","1":"o","2":"o","3":"m","4":"i","5":"d","6":"=","7":"3","8":"6"},"compressGzip":0}
[2017-06-10 18:29:23.154] [DEBUG] pomelo - [36m[E:\DATA\soway\WWW\git\doudizhu\doudizhuPomelo\game-server\node_modules\pomelo\lib\components\connector.js] [39msession on [connector-server-1] bind with uid: undefined
[2017-06-10 18:29:23.154] [WARN] pomelo - [33m[E:\DATA\soway\WWW\git\doudizhu\doudizhuPomelo\game-server\node_modules\pomelo\lib\components\connector.js] [39mtry to response to a notify: "connector.roomHandler.enterRoom"
[2017-06-10 18:29:23.154] [DEBUG] pomelo - [36m[E:\DATA\soway\WWW\git\doudizhu\doudizhuPomelo\game-server\node_modules\pomelo\lib\common\service\channelService.js] [39m[connector-server-1] channelService sendMessageByGroup route: enterRoom, msg: "undefined进入房间了", groups: {"connector-server-1":[null,null,null,null]}, opts: {}
[2017-06-10 18:29:23.155] [DEBUG] pomelo - [36m[E:\DATA\soway\WWW\git\doudizhu\doudizhuPomelo\game-server\node_modules\pomelo\lib\common\remote\frontend\channelRemote.js] [39m[connector-server-1] pushMessage uids: [null,null,null,null], msg: "undefined进入房间了", sids: [4,4,4,4]
[2017-06-10 18:29:23.155] [DEBUG] pomelo - [36m[E:\DATA\soway\WWW\git\doudizhu\doudizhuPomelo\game-server\node_modules\pomelo\lib\components\connector.js] [39m[connector-server-1] send message reqId: null, route: enterRoom, msg: "undefined进入房间了", receivers: [4,4,4,4], opts: {"type":"push","userOptions":{},"isPush":true}
[2017-06-10 18:29:23.200] [DEBUG] pomelo - [36m[E:\DATA\soway\WWW\git\doudizhu\doudizhuPomelo\game-server\node_modules\pomelo\lib\components\connector.js] [39m[connector-server-1] getSession session is created with session id: 5
[2017-06-10 18:29:23.206] [DEBUG] pomelo - [36m[E:\DATA\soway\WWW\git\doudizhu\doudizhuPomelo\game-server\node_modules\pomelo\lib\components\connector.js] [39m[connector-server-1] handleMessage session id: 5, msg: {"id":0,"type":1,"compressRoute":0,"route":"connector.roomHandler.enterRoom","body":{"0":"r","1":"o","2":"o","3":"m","4":"i","5":"d","6":"=","7":"3","8":"5"},"compressGzip":0}
[2017-06-10 18:29:23.206] [DEBUG] pomelo - [36m[E:\DATA\soway\WWW\git\doudizhu\doudizhuPomelo\game-server\node_modules\pomelo\lib\components\connector.js] [39msession on [connector-server-1] bind with uid: undefined
[2017-06-10 18:29:23.206] [WARN] pomelo - [33m[E:\DATA\soway\WWW\git\doudizhu\doudizhuPomelo\game-server\node_modules\pomelo\lib\components\connector.js] [39mtry to response to a notify: "connector.roomHandler.enterRoom"
[2017-06-10 18:29:23.206] [DEBUG] pomelo - [36m[E:\DATA\soway\WWW\git\doudizhu\doudizhuPomelo\game-server\node_modules\pomelo\lib\common\service\channelService.js] [39m[connector-server-1] channelService sendMessageByGroup route: enterRoom, msg: "undefined进入房间了", groups: {"connector-server-1":[null,null,null,null,null]}, opts: {}
[2017-06-10 18:29:23.207] [DEBUG] pomelo - [36m[E:\DATA\soway\WWW\git\doudizhu\doudizhuPomelo\game-server\node_modules\pomelo\lib\common\remote\frontend\channelRemote.js] [39m[connector-server-1] pushMessage uids: [null,null,null,null,null], msg: "undefined进入房间了", sids: [4,5,4,5,4,5,4,5,4,5]
[2017-06-10 18:29:23.207] [DEBUG] pomelo - [36m[E:\DATA\soway\WWW\git\doudizhu\doudizhuPomelo\game-server\node_modules\pomelo\lib\components\connector.js] [39m[connector-server-1] send message reqId: null, route: enterRoom, msg: "undefined进入房间了", receivers: [4,5,4,5,4,5,4,5,4,5], opts: {"type":"push","userOptions":{},"isPush":true}
[2017-06-10 18:29:29.154] [INFO] pomelo - [32m[E:\DATA\soway\WWW\git\doudizhu\doudizhuPomelo\game-server\node_modules\pomelo\lib\connectors\commands\heartbeat.js] [39mclient 4 heartbeat timeout.
[2017-06-10 18:29:29.154] [DEBUG] pomelo - [36m[E:\DATA\soway\WWW\git\doudizhu\doudizhuPomelo\game-server\node_modules\pomelo\lib\common\service\sessionService.js] [39msession on [connector-server-1] is closed with session id: 4
[2017-06-10 18:29:29.210] [INFO] pomelo - [32m[E:\DATA\soway\WWW\git\doudizhu\doudizhuPomelo\game-server\node_modules\pomelo\lib\connectors\commands\heartbeat.js] [39mclient 5 heartbeat timeout.
[2017-06-10 18:29:29.211] [DEBUG] pomelo - [36m[E:\DATA\soway\WWW\git\doudizhu\doudizhuPomelo\game-server\node_modules\pomelo\lib\common\service\sessionService.js] [39msession on [connector-server-1] is closed with session id: 5
[2017-06-10 18:31:56.491] [DEBUG] pomelo - [36m[E:\DATA\soway\WWW\git\doudizhu\doudizhuPomelo\game-server\node_modules\pomelo\lib\components\connector.js] [39m[connector-server-1] getSession session is created with session id: 6
[2017-06-10 18:31:56.512] [DEBUG] pomelo - [36m[E:\DATA\soway\WWW\git\doudizhu\doudizhuPomelo\game-server\node_modules\pomelo\lib\components\connector.js] [39m[connector-server-1] handleMessage session id: 6, msg: {"id":0,"type":1,"compressRoute":0,"route":"connector.roomHandler.enterRoom","body":{"0":"r","1":"o","2":"o","3":"m","4":"i","5":"d","6":"=","7":"3","8":"7"},"compressGzip":0}
[2017-06-10 18:31:56.512] [DEBUG] pomelo - [36m[E:\DATA\soway\WWW\git\doudizhu\doudizhuPomelo\game-server\node_modules\pomelo\lib\components\connector.js] [39msession on [connector-server-1] bind with uid: undefined
[2017-06-10 18:31:56.513] [WARN] pomelo - [33m[E:\DATA\soway\WWW\git\doudizhu\doudizhuPomelo\game-server\node_modules\pomelo\lib\components\connector.js] [39mtry to response to a notify: "connector.roomHandler.enterRoom"
[2017-06-10 18:31:56.513] [DEBUG] pomelo - [36m[E:\DATA\soway\WWW\git\doudizhu\doudizhuPomelo\game-server\node_modules\pomelo\lib\common\service\channelService.js] [39m[connector-server-1] channelService sendMessageByGroup route: enterRoom, msg: "undefined进入房间了", groups: {"connector-server-1":[null,null,null,null,null,null]}, opts: {}
[2017-06-10 18:31:56.515] [DEBUG] pomelo - [36m[E:\DATA\soway\WWW\git\doudizhu\doudizhuPomelo\game-server\node_modules\pomelo\lib\common\remote\frontend\channelRemote.js] [39m[connector-server-1] pushMessage uids: [null,null,null,null,null,null], msg: "undefined进入房间了", sids: [6,6,6,6,6,6]
[2017-06-10 18:31:56.515] [DEBUG] pomelo - [36m[E:\DATA\soway\WWW\git\doudizhu\doudizhuPomelo\game-server\node_modules\pomelo\lib\components\connector.js] [39m[connector-server-1] send message reqId: null, route: enterRoom, msg: "undefined进入房间了", receivers: [6,6,6,6,6,6], opts: {"type":"push","userOptions":{},"isPush":true}
[2017-06-10 18:32:02.510] [INFO] pomelo - [32m[E:\DATA\soway\WWW\git\doudizhu\doudizhuPomelo\game-server\node_modules\pomelo\lib\connectors\commands\heartbeat.js] [39mclient 6 heartbeat timeout.
[2017-06-10 18:32:02.510] [DEBUG] pomelo - [36m[E:\DATA\soway\WWW\git\doudizhu\doudizhuPomelo\game-server\node_modules\pomelo\lib\common\service\sessionService.js] [39msession on [connector-server-1] is closed with session id: 6
[2017-06-10 18:39:31.405] [DEBUG] pomelo - [36m[E:\DATA\soway\WWW\git\doudizhu\doudizhuPomelo\game-server\node_modules\pomelo\lib\components\connector.js] [39m[connector-server-1] getSession session is created with session id: 7
[2017-06-10 18:39:31.593] [DEBUG] pomelo - [36m[E:\DATA\soway\WWW\git\doudizhu\doudizhuPomelo\game-server\node_modules\pomelo\lib\components\connector.js] [39m[connector-server-1] handleMessage session id: 7, msg: {"id":0,"type":1,"compressRoute":0,"route":"connector.roomHandler.enterRoom","body":{"0":"r","1":"o","2":"o","3":"m","4":"i","5":"d","6":"=","7":"3","8":"7"},"compressGzip":0}
[2017-06-10 18:39:31.593] [DEBUG] pomelo - [36m[E:\DATA\soway\WWW\git\doudizhu\doudizhuPomelo\game-server\node_modules\pomelo\lib\components\connector.js] [39msession on [connector-server-1] bind with uid: undefined
[2017-06-10 18:39:31.594] [WARN] pomelo - [33m[E:\DATA\soway\WWW\git\doudizhu\doudizhuPomelo\game-server\node_modules\pomelo\lib\components\connector.js] [39mtry to response to a notify: "connector.roomHandler.enterRoom"
[2017-06-10 18:39:31.594] [DEBUG] pomelo - [36m[E:\DATA\soway\WWW\git\doudizhu\doudizhuPomelo\game-server\node_modules\pomelo\lib\common\service\channelService.js] [39m[connector-server-1] channelService sendMessageByGroup route: enterRoom, msg: "undefined进入房间了", groups: {"connector-server-1":[null,null,null,null,null,null,null]}, opts: {}
[2017-06-10 18:39:31.594] [DEBUG] pomelo - [36m[E:\DATA\soway\WWW\git\doudizhu\doudizhuPomelo\game-server\node_modules\pomelo\lib\common\remote\frontend\channelRemote.js] [39m[connector-server-1] pushMessage uids: [null,null,null,null,null,null,null], msg: "undefined进入房间了", sids: [7,7,7,7,7,7,7]
[2017-06-10 18:39:31.595] [DEBUG] pomelo - [36m[E:\DATA\soway\WWW\git\doudizhu\doudizhuPomelo\game-server\node_modules\pomelo\lib\components\connector.js] [39m[connector-server-1] send message reqId: null, route: enterRoom, msg: "undefined进入房间了", receivers: [7,7,7,7,7,7,7], opts: {"type":"push","userOptions":{},"isPush":true}
[2017-06-10 18:39:37.592] [INFO] pomelo - [32m[E:\DATA\soway\WWW\git\doudizhu\doudizhuPomelo\game-server\node_modules\pomelo\lib\connectors\commands\heartbeat.js] [39mclient 7 heartbeat timeout.
[2017-06-10 18:39:37.592] [DEBUG] pomelo - [36m[E:\DATA\soway\WWW\git\doudizhu\doudizhuPomelo\game-server\node_modules\pomelo\lib\common\service\sessionService.js] [39msession on [connector-server-1] is closed with session id: 7
[2017-06-10 18:45:41.582] [DEBUG] pomelo - [36m[E:\DATA\soway\WWW\git\doudizhu\doudizhuPomelo\game-server\node_modules\pomelo\lib\components\connector.js] [39m[connector-server-1] getSession session is created with session id: 8
[2017-06-10 18:45:41.595] [DEBUG] pomelo - [36m[E:\DATA\soway\WWW\git\doudizhu\doudizhuPomelo\game-server\node_modules\pomelo\lib\components\connector.js] [39m[connector-server-1] handleMessage session id: 8, msg: {"id":0,"type":1,"compressRoute":0,"route":"connector.roomHandler.enterRoom","body":{"id":"5936abafdb42791704cb0743","nicheng":"aa","room":"room40"},"compressGzip":0}
[2017-06-10 18:45:41.596] [DEBUG] pomelo - [36m[E:\DATA\soway\WWW\git\doudizhu\doudizhuPomelo\game-server\node_modules\pomelo\lib\components\connector.js] [39msession on [connector-server-1] bind with uid: 5936abafdb42791704cb0743
[2017-06-10 18:45:41.597] [WARN] pomelo - [33m[E:\DATA\soway\WWW\git\doudizhu\doudizhuPomelo\game-server\node_modules\pomelo\lib\components\connector.js] [39mtry to response to a notify: "connector.roomHandler.enterRoom"
[2017-06-10 18:45:41.598] [DEBUG] pomelo - [36m[E:\DATA\soway\WWW\git\doudizhu\doudizhuPomelo\game-server\node_modules\pomelo\lib\common\service\channelService.js] [39m[connector-server-1] channelService sendMessageByGroup route: enterRoom, msg: "aa进入房间了", groups: {"connector-server-1":["5936abafdb42791704cb0743"]}, opts: {}
[2017-06-10 18:45:41.599] [DEBUG] pomelo - [36m[E:\DATA\soway\WWW\git\doudizhu\doudizhuPomelo\game-server\node_modules\pomelo\lib\common\remote\frontend\channelRemote.js] [39m[connector-server-1] pushMessage uids: ["5936abafdb42791704cb0743"], msg: "aa进入房间了", sids: [8]
[2017-06-10 18:45:41.599] [DEBUG] pomelo - [36m[E:\DATA\soway\WWW\git\doudizhu\doudizhuPomelo\game-server\node_modules\pomelo\lib\components\connector.js] [39m[connector-server-1] send message reqId: null, route: enterRoom, msg: "aa进入房间了", receivers: [8], opts: {"type":"push","userOptions":{},"isPush":true}
